16 observers:
Aircraft,GnssroBndROPP1D,Satwind,Satwnd,SfcPCorrected,Radiosonde,amsua_aqua,amsua_metop-a,amsua_metop-b,amsua_n15,amsua_n18,amsua_n19,mhs_metop-a,mhs_metop-b,mhs_n18,mhs_n19


#[Aircraft]:
 PreQC, Background Check

#[GnssroBndROPP1D]:
 Domain Check, ROobserror, Background Check

#[Satwind]:
 PreQC, assign error, Bounds Check, Gaussian Thinning, Background Check

#[Satwnd]:
 PreQC, assign error, Bounds Check, Gaussian Thinning, Background Check

#[SfcPCorrected]:
 PreQC, Difference Check, Background Check

#[Radiosonde]:
 PreQC, Bounds Check, Background Check

#[amsua_aqua]:
 Domain Check, Bounds Check, Bounds Check, Bounds Check, inflate error, inflate error, inflate error, Background Check, Bounds Check, Bounds Check, Gaussian_Thinning

#[amsua_metop-a]:
 Domain Check, Bounds Check, Bounds Check, Bounds Check, inflate error, inflate error, inflate error, Background Check, Bounds Check, Bounds Check, Gaussian_Thinning

#[amsua_metop-b]:
 Domain Check, Bounds Check, Bounds Check, Bounds Check, inflate error, inflate error, inflate error, Background Check, Bounds Check, Bounds Check, Gaussian_Thinning

#[amsua_n15]:
 Domain Check, Bounds Check, Bounds Check, Bounds Check, inflate error, inflate error, inflate error, Background Check, Bounds Check, Bounds Check, Gaussian_Thinning

#[amsua_n18]:
 Domain Check, Bounds Check, Bounds Check, Bounds Check, inflate error, inflate error, inflate error, Background Check, Bounds Check, Bounds Check, Gaussian_Thinning

#[amsua_n19]:
 Domain Check, Bounds Check, Bounds Check, Bounds Check, inflate error, inflate error, inflate error, Background Check, Bounds Check, Bounds Check, Gaussian_Thinning

#[mhs_metop-a]:
 PreQC, Background Check

#[mhs_metop-b]:
 PreQC, Background Check

#[mhs_n18]:
 PreQC, Background Check

#[mhs_n19]:
 PreQC, Background Check

